ISim log file
Running: Z:\msee\ise\ass5\tb_isim_beh.exe -intstyle ise -gui -tclbatch isim.cmd -wdb Z:/msee/ise/ass5/tb_isim_beh.wdb 
ISim P.15xf (signature 0x2f00eba5)
WARNING: A WEBPACK license was found.
WARNING: Please use Xilinx License Configuration Manager to check out a full ISim license.
WARNING: ISim will run in Lite mode. Please refer to the ISim documentation for more information on the differences between the Lite and the Full version.
This is a Lite version of ISim.
Time resolution is 1 ps
# onerror resume
# wave add /
# run 1000 ns
Simulator is doing circuit initialization process.
Finished circuit initialization process.
# restart
# run 2000ns
Simulator is doing circuit initialization process.
Finished circuit initialization process.

** Failure:Simulation finished! (*not* a failure actually)
User(VHDL) Code Called Simulation Stop
In process tb.vhd:stim_rst 
 
INFO: Simulator is stopped.
