Command line:
   cascadable_counter_tb_isim_beh.exe
     -simmode  gui
     -simrunnum  0
     -socket  1209

Sun Mar 30 21:45:15 2014


 Elaboration Time: 0.25 sec

 Current Memory Usage: 312.766 Meg

 Total Signals          : 13
 Total Nets             : 7
 Total Signal Drivers   : 7
 Total Blocks           : 3
 Total Primitive Blocks : 2
 Total Processes        : 5
 Total Traceable Variables  : 10
 Total Scalar Nets and Variables : 369
Total Line Count : 57

 Total Simulation Time: 0.265625 sec

 Current Memory Usage: 312.766 Meg

Sun Mar 30 21:46:30 2014

